2023-11-05 15:22:43,679 - INFO - Shutting down
2023-11-05 15:22:43,783 - INFO - Waiting for application shutdown.
2023-11-05 15:22:43,786 - INFO - Application shutdown complete.
2023-11-05 15:22:43,787 - INFO - Finished server process [15194]
2023-11-05 15:22:44,265 - INFO - Started server process [15484]
2023-11-05 15:22:44,266 - INFO - Waiting for application startup.
2023-11-05 15:22:44,288 - INFO - Application startup complete.
2023-11-05 15:23:01,276 - INFO - Shutting down
2023-11-05 15:23:01,382 - INFO - Waiting for application shutdown.
2023-11-05 15:23:01,385 - INFO - Application shutdown complete.
2023-11-05 15:23:01,385 - INFO - Finished server process [15484]
2023-11-05 15:23:01,859 - INFO - Started server process [15516]
2023-11-05 15:23:01,860 - INFO - Waiting for application startup.
2023-11-05 15:23:01,876 - INFO - Application startup complete.
2023-11-05 15:23:13,092 - INFO - Shutting down
2023-11-05 15:23:13,195 - INFO - Waiting for application shutdown.
2023-11-05 15:23:13,203 - INFO - Application shutdown complete.
2023-11-05 15:23:13,203 - INFO - Finished server process [15516]
2023-11-05 15:23:13,674 - INFO - Started server process [15533]
2023-11-05 15:23:13,675 - INFO - Waiting for application startup.
2023-11-05 15:23:13,704 - INFO - Application startup complete.
2023-11-05 15:23:28,368 - INFO - Shutting down
2023-11-05 15:23:28,470 - INFO - Waiting for application shutdown.
2023-11-05 15:23:28,471 - INFO - Application shutdown complete.
2023-11-05 15:23:28,471 - INFO - Finished server process [15533]
2023-11-05 15:23:28,928 - INFO - Started server process [15547]
2023-11-05 15:23:28,928 - INFO - Waiting for application startup.
2023-11-05 15:23:28,964 - INFO - Application startup complete.
2023-11-05 15:24:00,104 - INFO - Shutting down
2023-11-05 15:24:00,207 - INFO - Waiting for application shutdown.
2023-11-05 15:24:00,215 - INFO - Application shutdown complete.
2023-11-05 15:24:00,215 - INFO - Finished server process [15547]
2023-11-05 15:24:00,734 - INFO - Started server process [15563]
2023-11-05 15:24:00,734 - INFO - Waiting for application startup.
2023-11-05 15:24:00,749 - INFO - Application startup complete.
2023-11-05 15:24:02,063 - INFO - Shutting down
2023-11-05 15:24:02,165 - INFO - Waiting for application shutdown.
2023-11-05 15:24:02,165 - INFO - Application shutdown complete.
2023-11-05 15:24:02,165 - INFO - Finished server process [15563]
2023-11-05 15:24:02,695 - INFO - Started server process [15570]
2023-11-05 15:24:02,695 - INFO - Waiting for application startup.
2023-11-05 15:24:02,710 - INFO - Application startup complete.
2023-11-05 15:24:19,290 - INFO - Shutting down
2023-11-05 15:24:19,392 - INFO - Waiting for application shutdown.
2023-11-05 15:24:19,402 - INFO - Application shutdown complete.
2023-11-05 15:24:19,403 - INFO - Finished server process [15570]
2023-11-05 15:24:19,881 - INFO - Started server process [15592]
2023-11-05 15:24:19,881 - INFO - Waiting for application startup.
2023-11-05 15:24:19,895 - INFO - Application startup complete.
2023-11-05 15:24:20,198 - INFO - Shutting down
2023-11-05 15:24:20,299 - INFO - Waiting for application shutdown.
2023-11-05 15:24:20,300 - INFO - Application shutdown complete.
2023-11-05 15:24:20,300 - INFO - Finished server process [15592]
2023-11-05 15:24:20,713 - INFO - Started server process [15595]
2023-11-05 15:24:20,713 - INFO - Waiting for application startup.
2023-11-05 15:24:20,723 - INFO - Application startup complete.
2023-11-05 15:41:34,960 - INFO - Shutting down
2023-11-05 15:41:35,073 - INFO - Waiting for application shutdown.
2023-11-05 15:41:35,086 - INFO - Application shutdown complete.
2023-11-05 15:41:35,088 - INFO - Finished server process [15595]
2023-11-05 15:41:35,786 - INFO - Started server process [16568]
2023-11-05 15:41:35,786 - INFO - Waiting for application startup.
2023-11-05 15:41:35,817 - INFO - Application startup complete.
2023-11-05 15:48:32,673 - INFO - Shutting down
2023-11-05 15:48:32,781 - INFO - Waiting for application shutdown.
2023-11-05 15:48:32,790 - INFO - Application shutdown complete.
2023-11-05 15:48:32,790 - INFO - Finished server process [16568]
2023-11-05 15:48:33,352 - INFO - Started server process [16712]
2023-11-05 15:48:33,352 - INFO - Waiting for application startup.
2023-11-05 15:48:33,373 - INFO - Application startup complete.
2023-11-05 15:48:47,432 - INFO - Shutting down
2023-11-05 15:48:47,534 - INFO - Waiting for application shutdown.
2023-11-05 15:48:47,535 - INFO - Application shutdown complete.
2023-11-05 15:48:47,536 - INFO - Finished server process [16712]
2023-11-05 15:48:48,006 - INFO - Started server process [16725]
2023-11-05 15:48:48,006 - INFO - Waiting for application startup.
2023-11-05 15:48:48,022 - INFO - Application startup complete.
2023-11-05 15:48:49,031 - INFO - Shutting down
2023-11-05 15:48:49,133 - INFO - Waiting for application shutdown.
2023-11-05 15:48:49,134 - INFO - Application shutdown complete.
2023-11-05 15:48:49,134 - INFO - Finished server process [16725]
2023-11-05 15:48:49,675 - INFO - Started server process [16728]
2023-11-05 15:48:49,675 - INFO - Waiting for application startup.
2023-11-05 15:48:49,691 - INFO - Application startup complete.
2023-11-05 15:49:05,681 - INFO - Shutting down
2023-11-05 15:49:05,784 - INFO - Waiting for application shutdown.
2023-11-05 15:49:05,786 - INFO - Application shutdown complete.
2023-11-05 15:49:05,786 - INFO - Finished server process [16728]
2023-11-05 15:49:06,271 - INFO - Started server process [16766]
2023-11-05 15:49:06,271 - INFO - Waiting for application startup.
2023-11-05 15:49:06,285 - INFO - Application startup complete.
2023-11-05 15:49:13,370 - INFO - Shutting down
2023-11-05 15:49:13,473 - INFO - Waiting for application shutdown.
2023-11-05 15:49:13,475 - INFO - Application shutdown complete.
2023-11-05 15:49:13,475 - INFO - Finished server process [16766]
2023-11-05 15:49:13,884 - INFO - Started server process [16804]
2023-11-05 15:49:13,884 - INFO - Waiting for application startup.
2023-11-05 15:49:13,916 - INFO - Application startup complete.
2023-11-05 15:51:06,468 - INFO - Shutting down
2023-11-05 15:51:06,572 - INFO - Waiting for application shutdown.
2023-11-05 15:51:06,576 - INFO - Application shutdown complete.
2023-11-05 15:51:06,576 - INFO - Finished server process [16804]
2023-11-05 15:51:07,074 - INFO - Started server process [16916]
2023-11-05 15:51:07,074 - INFO - Waiting for application startup.
2023-11-05 15:51:07,100 - INFO - Application startup complete.
2023-11-05 15:52:01,417 - INFO - Shutting down
2023-11-05 15:52:01,519 - INFO - Waiting for application shutdown.
2023-11-05 15:52:01,520 - INFO - Application shutdown complete.
2023-11-05 15:52:01,520 - INFO - Finished server process [16916]
2023-11-05 15:52:02,052 - INFO - Started server process [16968]
2023-11-05 15:52:02,052 - INFO - Waiting for application startup.
2023-11-05 15:52:02,063 - INFO - Application startup complete.
2023-11-05 15:52:17,456 - INFO - Shutting down
2023-11-05 15:52:17,558 - INFO - Waiting for application shutdown.
2023-11-05 15:52:17,560 - INFO - Application shutdown complete.
2023-11-05 15:52:17,560 - INFO - Finished server process [16968]
2023-11-05 15:52:18,069 - INFO - Started server process [17005]
2023-11-05 15:52:18,069 - INFO - Waiting for application startup.
2023-11-05 15:52:18,084 - INFO - Application startup complete.
2023-11-05 15:55:46,953 - INFO - Shutting down
2023-11-05 15:55:47,056 - INFO - Waiting for application shutdown.
2023-11-05 15:55:47,059 - INFO - Application shutdown complete.
2023-11-05 15:55:47,059 - INFO - Finished server process [17005]
2023-11-05 15:55:47,557 - INFO - Started server process [17104]
2023-11-05 15:55:47,557 - INFO - Waiting for application startup.
2023-11-05 15:55:47,571 - INFO - Application startup complete.
2023-11-05 15:55:47,874 - INFO - Shutting down
2023-11-05 15:55:47,976 - INFO - Waiting for application shutdown.
2023-11-05 15:55:47,976 - INFO - Application shutdown complete.
2023-11-05 15:55:47,976 - INFO - Finished server process [17104]
2023-11-05 15:55:48,364 - INFO - Started server process [17110]
2023-11-05 15:55:48,364 - INFO - Waiting for application startup.
2023-11-05 15:55:48,381 - INFO - Application startup complete.
2023-11-05 15:56:56,894 - INFO - Shutting down
2023-11-05 15:56:57,002 - INFO - Waiting for application shutdown.
2023-11-05 15:56:57,006 - INFO - Application shutdown complete.
2023-11-05 15:56:57,006 - INFO - Finished server process [17110]
2023-11-05 15:56:57,509 - INFO - Started server process [17140]
2023-11-05 15:56:57,509 - INFO - Waiting for application startup.
2023-11-05 15:56:57,532 - INFO - Application startup complete.
2023-11-05 15:57:08,457 - INFO - Shutting down
2023-11-05 15:57:08,560 - INFO - Waiting for application shutdown.
2023-11-05 15:57:08,562 - INFO - Application shutdown complete.
2023-11-05 15:57:08,562 - INFO - Finished server process [17140]
2023-11-05 15:57:09,101 - INFO - Started server process [17150]
2023-11-05 15:57:09,101 - INFO - Waiting for application startup.
2023-11-05 15:57:09,115 - INFO - Application startup complete.
2023-11-05 15:57:22,986 - INFO - Shutting down
2023-11-05 15:57:23,089 - INFO - Waiting for application shutdown.
2023-11-05 15:57:23,090 - INFO - Application shutdown complete.
2023-11-05 15:57:23,091 - INFO - Finished server process [17150]
2023-11-05 15:57:23,560 - INFO - Started server process [17158]
2023-11-05 15:57:23,560 - INFO - Waiting for application startup.
2023-11-05 15:57:23,569 - INFO - Application startup complete.
2023-11-05 15:57:29,440 - INFO - Shutting down
2023-11-05 15:57:29,542 - INFO - Waiting for application shutdown.
2023-11-05 15:57:29,544 - INFO - Application shutdown complete.
2023-11-05 15:57:29,545 - INFO - Finished server process [17158]
2023-11-05 15:57:30,024 - INFO - Started server process [17189]
2023-11-05 15:57:30,024 - INFO - Waiting for application startup.
2023-11-05 15:57:30,036 - INFO - Application startup complete.
2023-11-05 15:57:38,529 - INFO - Shutting down
2023-11-05 15:57:38,631 - INFO - Waiting for application shutdown.
2023-11-05 15:57:38,632 - INFO - Application shutdown complete.
2023-11-05 15:57:38,633 - INFO - Finished server process [17189]
2023-11-05 15:57:39,060 - INFO - Started server process [17218]
2023-11-05 15:57:39,060 - INFO - Waiting for application startup.
2023-11-05 15:57:39,074 - INFO - Application startup complete.
2023-11-05 15:57:39,782 - INFO - Shutting down
2023-11-05 15:57:39,883 - INFO - Waiting for application shutdown.
2023-11-05 15:57:39,884 - INFO - Application shutdown complete.
2023-11-05 15:57:39,885 - INFO - Finished server process [17218]
2023-11-05 15:57:40,276 - INFO - Started server process [17222]
2023-11-05 15:57:40,276 - INFO - Waiting for application startup.
2023-11-05 15:57:40,286 - INFO - Application startup complete.
2023-11-05 15:57:45,743 - INFO - Shutting down
2023-11-05 15:57:45,845 - INFO - Waiting for application shutdown.
2023-11-05 15:57:45,847 - INFO - Application shutdown complete.
2023-11-05 15:57:45,847 - INFO - Finished server process [17222]
2023-11-05 15:57:46,284 - INFO - Started server process [17233]
2023-11-05 15:57:46,284 - INFO - Waiting for application startup.
2023-11-05 15:57:46,308 - INFO - Application startup complete.
2023-11-05 15:59:10,072 - INFO - Shutting down
2023-11-05 15:59:10,175 - INFO - Waiting for application shutdown.
2023-11-05 15:59:10,178 - INFO - Application shutdown complete.
2023-11-05 15:59:10,178 - INFO - Finished server process [17233]
2023-11-05 15:59:10,671 - INFO - Started server process [17303]
2023-11-05 15:59:10,671 - INFO - Waiting for application startup.
2023-11-05 15:59:10,692 - INFO - Application startup complete.
2023-11-05 15:59:11,299 - INFO - Shutting down
2023-11-05 15:59:11,399 - INFO - Waiting for application shutdown.
2023-11-05 15:59:11,400 - INFO - Application shutdown complete.
2023-11-05 15:59:11,400 - INFO - Finished server process [17303]
2023-11-05 15:59:11,783 - INFO - Started server process [17306]
2023-11-05 15:59:11,783 - INFO - Waiting for application startup.
2023-11-05 15:59:11,793 - INFO - Application startup complete.
2023-11-05 15:59:12,198 - INFO - Shutting down
2023-11-05 15:59:12,299 - INFO - Waiting for application shutdown.
2023-11-05 15:59:12,300 - INFO - Application shutdown complete.
2023-11-05 15:59:12,300 - INFO - Finished server process [17306]
2023-11-05 15:59:12,696 - INFO - Started server process [17307]
2023-11-05 15:59:12,696 - INFO - Waiting for application startup.
2023-11-05 15:59:12,704 - INFO - Application startup complete.
2023-11-05 16:00:20,160 - INFO - Shutting down
2023-11-05 16:00:20,263 - INFO - Waiting for application shutdown.
2023-11-05 16:00:20,265 - INFO - Application shutdown complete.
2023-11-05 16:00:20,265 - INFO - Finished server process [17307]
2023-11-05 16:00:20,768 - INFO - Started server process [17348]
2023-11-05 16:00:20,769 - INFO - Waiting for application startup.
2023-11-05 16:00:20,784 - INFO - Application startup complete.
2023-11-05 16:00:21,087 - INFO - Shutting down
2023-11-05 16:00:21,188 - INFO - Waiting for application shutdown.
2023-11-05 16:00:21,189 - INFO - Application shutdown complete.
2023-11-05 16:00:21,189 - INFO - Finished server process [17348]
2023-11-05 16:00:21,580 - INFO - Started server process [17351]
2023-11-05 16:00:21,580 - INFO - Waiting for application startup.
2023-11-05 16:00:21,595 - INFO - Application startup complete.
2023-11-05 16:00:22,001 - INFO - Shutting down
2023-11-05 16:00:22,103 - INFO - Waiting for application shutdown.
2023-11-05 16:00:22,104 - INFO - Application shutdown complete.
2023-11-05 16:00:22,104 - INFO - Finished server process [17351]
2023-11-05 16:00:22,653 - INFO - Started server process [17352]
2023-11-05 16:00:22,653 - INFO - Waiting for application startup.
2023-11-05 16:00:22,668 - INFO - Application startup complete.
2023-11-05 16:00:28,756 - INFO - Shutting down
2023-11-05 16:00:28,858 - INFO - Waiting for application shutdown.
2023-11-05 16:00:28,859 - INFO - Application shutdown complete.
2023-11-05 16:00:28,859 - INFO - Finished server process [17352]
2023-11-05 16:00:29,282 - INFO - Started server process [17381]
2023-11-05 16:00:29,282 - INFO - Waiting for application startup.
2023-11-05 16:00:29,295 - INFO - Application startup complete.
2023-11-05 16:01:14,819 - INFO - Shutting down
2023-11-05 16:01:14,922 - INFO - Waiting for application shutdown.
2023-11-05 16:01:14,925 - INFO - Application shutdown complete.
2023-11-05 16:01:14,925 - INFO - Finished server process [17381]
2023-11-05 16:01:15,429 - INFO - Started server process [17408]
2023-11-05 16:01:15,429 - INFO - Waiting for application startup.
2023-11-05 16:01:15,443 - INFO - Application startup complete.
2023-11-05 16:01:44,048 - INFO - Shutting down
2023-11-05 16:01:44,150 - INFO - Waiting for application shutdown.
2023-11-05 16:01:44,152 - INFO - Application shutdown complete.
2023-11-05 16:01:44,152 - INFO - Finished server process [17408]
2023-11-05 16:01:44,650 - INFO - Started server process [17420]
2023-11-05 16:01:44,650 - INFO - Waiting for application startup.
2023-11-05 16:01:44,662 - INFO - Application startup complete.
2023-11-05 16:02:11,444 - INFO - Shutting down
2023-11-05 16:02:11,546 - INFO - Waiting for application shutdown.
2023-11-05 16:02:11,548 - INFO - Application shutdown complete.
2023-11-05 16:02:11,548 - INFO - Finished server process [17420]
2023-11-05 16:02:12,057 - INFO - Started server process [17455]
2023-11-05 16:02:12,057 - INFO - Waiting for application startup.
2023-11-05 16:02:12,069 - INFO - Application startup complete.
2023-11-05 16:02:23,691 - INFO - Shutting down
2023-11-05 16:02:23,793 - INFO - Waiting for application shutdown.
2023-11-05 16:02:23,795 - INFO - Application shutdown complete.
2023-11-05 16:02:23,795 - INFO - Finished server process [17455]
2023-11-05 16:02:24,328 - INFO - Started server process [17463]
2023-11-05 16:02:24,328 - INFO - Waiting for application startup.
2023-11-05 16:02:24,354 - INFO - Application startup complete.
2023-11-05 16:02:24,557 - INFO - Shutting down
2023-11-05 16:02:24,658 - INFO - Waiting for application shutdown.
2023-11-05 16:02:24,659 - INFO - Application shutdown complete.
2023-11-05 16:02:24,659 - INFO - Finished server process [17463]
2023-11-05 16:02:25,063 - INFO - Started server process [17467]
2023-11-05 16:02:25,063 - INFO - Waiting for application startup.
2023-11-05 16:02:25,070 - INFO - Application startup complete.
2023-11-05 16:02:25,475 - INFO - Shutting down
2023-11-05 16:02:25,576 - INFO - Waiting for application shutdown.
2023-11-05 16:02:25,577 - INFO - Application shutdown complete.
2023-11-05 16:02:25,577 - INFO - Finished server process [17467]
2023-11-05 16:02:25,987 - INFO - Started server process [17468]
2023-11-05 16:02:25,987 - INFO - Waiting for application startup.
2023-11-05 16:02:26,014 - INFO - Application startup complete.
2023-11-05 16:02:27,731 - INFO - Shutting down
2023-11-05 16:02:27,833 - INFO - Waiting for application shutdown.
2023-11-05 16:02:27,834 - INFO - Application shutdown complete.
2023-11-05 16:02:27,834 - INFO - Finished server process [17468]
2023-11-05 16:02:28,224 - INFO - Started server process [17474]
2023-11-05 16:02:28,225 - INFO - Waiting for application startup.
2023-11-05 16:02:28,249 - INFO - Application startup complete.
2023-11-05 16:02:29,665 - INFO - Shutting down
2023-11-05 16:02:29,767 - INFO - Waiting for application shutdown.
2023-11-05 16:02:29,767 - INFO - Application shutdown complete.
2023-11-05 16:02:29,767 - INFO - Finished server process [17474]
2023-11-05 16:02:30,235 - INFO - Started server process [17477]
2023-11-05 16:02:30,235 - INFO - Waiting for application startup.
2023-11-05 16:02:30,246 - INFO - Application startup complete.
2023-11-05 16:02:32,371 - INFO - Shutting down
2023-11-05 16:02:32,473 - INFO - Waiting for application shutdown.
2023-11-05 16:02:32,474 - INFO - Application shutdown complete.
2023-11-05 16:02:32,474 - INFO - Finished server process [17477]
2023-11-05 16:02:32,876 - INFO - Started server process [17483]
2023-11-05 16:02:32,877 - INFO - Waiting for application startup.
2023-11-05 16:02:32,887 - INFO - Application startup complete.
2023-11-05 16:02:34,706 - INFO - Shutting down
2023-11-05 16:02:34,807 - INFO - Waiting for application shutdown.
2023-11-05 16:02:34,808 - INFO - Application shutdown complete.
2023-11-05 16:02:34,808 - INFO - Finished server process [17483]
2023-11-05 16:02:35,220 - INFO - Started server process [17488]
2023-11-05 16:02:35,220 - INFO - Waiting for application startup.
2023-11-05 16:02:35,228 - INFO - Application startup complete.
2023-11-05 16:02:42,706 - INFO - Shutting down
2023-11-05 16:02:42,810 - INFO - Waiting for application shutdown.
2023-11-05 16:02:42,813 - INFO - Application shutdown complete.
2023-11-05 16:02:42,814 - INFO - Finished server process [17488]
2023-11-05 16:02:43,234 - INFO - Started server process [17503]
2023-11-05 16:02:43,234 - INFO - Waiting for application startup.
2023-11-05 16:02:43,247 - INFO - Application startup complete.
2023-11-05 16:02:43,562 - INFO - Shutting down
2023-11-05 16:02:43,664 - INFO - Waiting for application shutdown.
2023-11-05 16:02:43,664 - INFO - Application shutdown complete.
2023-11-05 16:02:43,664 - INFO - Finished server process [17503]
2023-11-05 16:02:44,077 - INFO - Started server process [17504]
2023-11-05 16:02:44,077 - INFO - Waiting for application startup.
2023-11-05 16:02:44,086 - INFO - Application startup complete.
2023-11-05 16:02:47,623 - INFO - Shutting down
2023-11-05 16:02:47,725 - INFO - Waiting for application shutdown.
2023-11-05 16:02:47,727 - INFO - Application shutdown complete.
2023-11-05 16:02:47,727 - INFO - Finished server process [17504]
2023-11-05 16:02:48,115 - INFO - Started server process [17511]
2023-11-05 16:02:48,116 - INFO - Waiting for application startup.
2023-11-05 16:02:48,128 - INFO - Application startup complete.
2023-11-05 16:02:48,531 - INFO - Shutting down
2023-11-05 16:02:48,633 - INFO - Waiting for application shutdown.
2023-11-05 16:02:48,634 - INFO - Application shutdown complete.
2023-11-05 16:02:48,634 - INFO - Finished server process [17511]
2023-11-05 16:02:49,062 - INFO - Started server process [17512]
2023-11-05 16:02:49,062 - INFO - Waiting for application startup.
2023-11-05 16:02:49,071 - INFO - Application startup complete.
2023-11-05 16:02:49,476 - INFO - Shutting down
2023-11-05 16:02:49,577 - INFO - Waiting for application shutdown.
2023-11-05 16:02:49,578 - INFO - Application shutdown complete.
2023-11-05 16:02:49,578 - INFO - Finished server process [17512]
2023-11-05 16:02:50,027 - INFO - Started server process [17513]
2023-11-05 16:02:50,027 - INFO - Waiting for application startup.
2023-11-05 16:02:50,053 - INFO - Application startup complete.
2023-11-05 16:02:50,356 - INFO - Shutting down
2023-11-05 16:02:50,457 - INFO - Waiting for application shutdown.
2023-11-05 16:02:50,458 - INFO - Application shutdown complete.
2023-11-05 16:02:50,458 - INFO - Finished server process [17513]
2023-11-05 16:02:50,840 - INFO - Started server process [17516]
2023-11-05 16:02:50,840 - INFO - Waiting for application startup.
2023-11-05 16:02:50,851 - INFO - Application startup complete.
2023-11-05 16:02:51,259 - INFO - Shutting down
2023-11-05 16:02:51,359 - INFO - Waiting for application shutdown.
2023-11-05 16:02:51,360 - INFO - Application shutdown complete.
2023-11-05 16:02:51,360 - INFO - Finished server process [17516]
2023-11-05 16:02:51,758 - INFO - Started server process [17517]
2023-11-05 16:02:51,758 - INFO - Waiting for application startup.
2023-11-05 16:02:51,770 - INFO - Application startup complete.
2023-11-05 16:03:00,781 - INFO - Shutting down
2023-11-05 16:03:00,888 - INFO - Waiting for application shutdown.
2023-11-05 16:03:00,890 - INFO - Application shutdown complete.
2023-11-05 16:03:00,890 - INFO - Finished server process [17517]
2023-11-05 16:03:01,334 - INFO - Started server process [17524]
2023-11-05 16:03:01,334 - INFO - Waiting for application startup.
2023-11-05 16:03:01,345 - INFO - Application startup complete.
2023-11-05 16:03:02,052 - INFO - Shutting down
2023-11-05 16:03:02,153 - INFO - Waiting for application shutdown.
2023-11-05 16:03:02,154 - INFO - Application shutdown complete.
2023-11-05 16:03:02,154 - INFO - Finished server process [17524]
2023-11-05 16:03:02,559 - INFO - Started server process [17527]
2023-11-05 16:03:02,559 - INFO - Waiting for application startup.
2023-11-05 16:03:02,569 - INFO - Application startup complete.
2023-11-05 16:03:03,277 - INFO - Shutting down
2023-11-05 16:03:03,378 - INFO - Waiting for application shutdown.
2023-11-05 16:03:03,380 - INFO - Application shutdown complete.
2023-11-05 16:03:03,380 - INFO - Finished server process [17527]
2023-11-05 16:03:03,894 - INFO - Started server process [17528]
2023-11-05 16:03:03,894 - INFO - Waiting for application startup.
2023-11-05 16:03:03,909 - INFO - Application startup complete.
2023-11-05 16:03:11,705 - INFO - Shutting down
2023-11-05 16:03:11,810 - INFO - Waiting for application shutdown.
2023-11-05 16:03:11,812 - INFO - Application shutdown complete.
2023-11-05 16:03:11,812 - INFO - Finished server process [17528]
2023-11-05 16:03:12,320 - INFO - Started server process [17556]
2023-11-05 16:03:12,320 - INFO - Waiting for application startup.
2023-11-05 16:03:12,332 - INFO - Application startup complete.
2023-11-05 16:03:29,428 - INFO - Shutting down
2023-11-05 16:03:29,530 - INFO - Waiting for application shutdown.
2023-11-05 16:03:29,532 - INFO - Application shutdown complete.
2023-11-05 16:03:29,532 - INFO - Finished server process [17556]
2023-11-05 16:03:29,990 - INFO - Started server process [17584]
2023-11-05 16:03:29,990 - INFO - Waiting for application startup.
2023-11-05 16:03:30,009 - INFO - Application startup complete.
2023-11-05 16:03:40,328 - INFO - Shutting down
2023-11-05 16:03:40,430 - INFO - Waiting for application shutdown.
2023-11-05 16:03:40,431 - INFO - Application shutdown complete.
2023-11-05 16:03:40,431 - INFO - Finished server process [17584]
2023-11-05 16:03:40,902 - INFO - Started server process [17617]
2023-11-05 16:03:40,902 - INFO - Waiting for application startup.
2023-11-05 16:03:40,923 - INFO - Application startup complete.
2023-11-05 16:03:41,226 - INFO - Shutting down
2023-11-05 16:03:41,327 - INFO - Waiting for application shutdown.
2023-11-05 16:03:41,328 - INFO - Application shutdown complete.
2023-11-05 16:03:41,328 - INFO - Finished server process [17617]
2023-11-05 16:03:41,757 - INFO - Started server process [17621]
2023-11-05 16:03:41,757 - INFO - Waiting for application startup.
2023-11-05 16:03:41,765 - INFO - Application startup complete.
2023-11-05 16:03:42,169 - INFO - Shutting down
2023-11-05 16:03:42,271 - INFO - Waiting for application shutdown.
2023-11-05 16:03:42,272 - INFO - Application shutdown complete.
2023-11-05 16:03:42,272 - INFO - Finished server process [17621]
2023-11-05 16:03:42,677 - INFO - Started server process [17622]
2023-11-05 16:03:42,677 - INFO - Waiting for application startup.
2023-11-05 16:03:42,685 - INFO - Application startup complete.
2023-11-05 16:03:43,797 - INFO - Shutting down
2023-11-05 16:03:43,898 - INFO - Waiting for application shutdown.
2023-11-05 16:03:43,899 - INFO - Application shutdown complete.
2023-11-05 16:03:43,899 - INFO - Finished server process [17622]
2023-11-05 16:03:44,302 - INFO - Started server process [17623]
2023-11-05 16:03:44,302 - INFO - Waiting for application startup.
2023-11-05 16:03:44,309 - INFO - Application startup complete.
2023-11-05 16:03:44,714 - INFO - Shutting down
2023-11-05 16:03:44,815 - INFO - Waiting for application shutdown.
2023-11-05 16:03:44,816 - INFO - Application shutdown complete.
2023-11-05 16:03:44,816 - INFO - Finished server process [17623]
2023-11-05 16:03:45,215 - INFO - Started server process [17625]
2023-11-05 16:03:45,216 - INFO - Waiting for application startup.
2023-11-05 16:03:45,227 - INFO - Application startup complete.
2023-11-05 16:03:46,340 - INFO - Shutting down
2023-11-05 16:03:46,441 - INFO - Waiting for application shutdown.
2023-11-05 16:03:46,442 - INFO - Application shutdown complete.
2023-11-05 16:03:46,442 - INFO - Finished server process [17625]
2023-11-05 16:03:46,953 - INFO - Started server process [17629]
2023-11-05 16:03:46,955 - INFO - Waiting for application startup.
2023-11-05 16:03:46,965 - INFO - Application startup complete.
2023-11-05 16:04:07,305 - INFO - Shutting down
2023-11-05 16:04:07,408 - INFO - Waiting for application shutdown.
2023-11-05 16:04:07,416 - INFO - Application shutdown complete.
2023-11-05 16:04:07,417 - INFO - Finished server process [17629]
2023-11-05 16:04:07,913 - INFO - Started server process [17642]
2023-11-05 16:04:07,913 - INFO - Waiting for application startup.
2023-11-05 16:04:07,925 - INFO - Application startup complete.
2023-11-05 16:04:08,935 - INFO - Shutting down
2023-11-05 16:04:09,037 - INFO - Waiting for application shutdown.
2023-11-05 16:04:09,038 - INFO - Application shutdown complete.
2023-11-05 16:04:09,038 - INFO - Finished server process [17642]
2023-11-05 16:04:09,559 - INFO - Started server process [17648]
2023-11-05 16:04:09,559 - INFO - Waiting for application startup.
2023-11-05 16:04:09,571 - INFO - Application startup complete.
2023-11-05 16:04:10,689 - INFO - Shutting down
2023-11-05 16:04:10,792 - INFO - Waiting for application shutdown.
2023-11-05 16:04:10,799 - INFO - Application shutdown complete.
2023-11-05 16:04:10,799 - INFO - Finished server process [17648]
2023-11-05 16:04:11,348 - INFO - Started server process [17651]
2023-11-05 16:04:11,348 - INFO - Waiting for application startup.
2023-11-05 16:04:11,367 - INFO - Application startup complete.
2023-11-05 16:05:18,640 - INFO - Shutting down
2023-11-05 16:05:18,743 - INFO - Waiting for application shutdown.
2023-11-05 16:05:18,746 - INFO - Application shutdown complete.
2023-11-05 16:05:18,746 - INFO - Finished server process [17651]
2023-11-05 16:05:19,265 - INFO - Started server process [17768]
2023-11-05 16:05:19,266 - INFO - Waiting for application startup.
2023-11-05 16:05:19,281 - INFO - Application startup complete.
2023-11-05 16:05:19,584 - INFO - Shutting down
2023-11-05 16:05:19,685 - INFO - Waiting for application shutdown.
2023-11-05 16:05:19,686 - INFO - Application shutdown complete.
2023-11-05 16:05:19,686 - INFO - Finished server process [17768]
2023-11-05 16:05:20,175 - INFO - Started server process [17777]
2023-11-05 16:05:20,175 - INFO - Waiting for application startup.
2023-11-05 16:05:20,184 - INFO - Application startup complete.
